<?xml version="1.0" encoding="UTF-8"?>
<testng-results ignored="0" total="1" passed="1" failed="0" skipped="0">
  <reporter-output>
  </reporter-output>
  <suite started-at="2023-11-06T09:11:29 IST" name="Default suite" finished-at="2023-11-06T09:13:07 IST" duration-ms="97686">
    <groups>
    </groups>
    <test started-at="2023-11-06T09:11:29 IST" name="Default test" finished-at="2023-11-06T09:13:07 IST" duration-ms="97686">
      <class name="test.Shopperstop_test">
        <test-method is-config="true" signature="setUp()[pri:0, instance:test.Shopperstop_test@6d4d66d2]" started-at="2023-11-06T09:11:29 IST" name="setUp" finished-at="2023-11-06T09:12:07 IST" duration-ms="37745" status="PASS">
          <reporter-output>
          </reporter-output>
        </test-method> <!-- setUp -->
        <test-method signature="test()[pri:0, instance:test.Shopperstop_test@6d4d66d2]" started-at="2023-11-06T09:12:07 IST" name="test" finished-at="2023-11-06T09:13:07 IST" duration-ms="59810" status="PASS">
          <reporter-output>
          </reporter-output>
        </test-method> <!-- test -->
      </class> <!-- test.Shopperstop_test -->
    </test> <!-- Default test -->
  </suite> <!-- Default suite -->
</testng-results>
